<?xml version="1.0" encoding="UTF-8" ?>
<testsuite errors="0" failures="0" hostname="m-pg-d-kar1" name="HRMS" tests="1" time="68.736" timestamp="2013-08-01T12:04:10">
  <properties>
    <property name="java.vendor" value="Oracle Corporation" />
    <property name="lib.dir" value="D:\eclipse_Indigo\HRMS\lib" />
    <property name="sun.java.launcher" value="SUN_STANDARD" />
    <property name="eclipse.pdebuild.templates" value="/D:/software/eclipse/plugins/org.eclipse.pde.build_3.7.0.v20111116-2009/templates/" />
    <property name="sun.management.compiler" value="HotSpot Client Compiler" />
    <property name="os.name" value="Windows XP" />
    <property name="sun.boot.class.path" value="C:\Program Files\Java\jdk1.7.0_17\jre\lib\resources.jar;C:\Program Files\Java\jdk1.7.0_17\jre\lib\rt.jar;C:\Program Files\Java\jdk1.7.0_17\jre\lib\sunrsasign.jar;C:\Program Files\Java\jdk1.7.0_17\jre\lib\jsse.jar;C:\Program Files\Java\jdk1.7.0_17\jre\lib\jce.jar;C:\Program Files\Java\jdk1.7.0_17\jre\lib\charsets.jar;C:\Program Files\Java\jdk1.7.0_17\jre\lib\jfr.jar;C:\Program Files\Java\jdk1.7.0_17\jre\classes" />
    <property name="sun.desktop" value="windows" />
    <property name="java.vm.specification.vendor" value="Oracle Corporation" />
    <property name="ant.home" value="D:\software\eclipse\plugins\org.apache.ant_1.8.2.v20120109-1030" />
    <property name="java.runtime.version" value="1.7.0_17-b02" />
    <property name="user.name" value="karan.gusani" />
    <property name="ant.file.Hrms" value="D:\eclipse_Indigo\HRMS\build.xml" />
    <property name="build.dir" value="D:\eclipse_Indigo\HRMS\build" />
    <property name="ant.file.type.Hrms" value="file" />
    <property name="user.language" value="en" />
    <property name="test.report.dir" value="D:\eclipse_Indigo\HRMS\testreport" />
    <property name="sun.boot.library.path" value="C:\Program Files\Java\jdk1.7.0_17\jre\bin" />
    <property name="ant.project.default-target" value="main" />
    <property name="ant.project.name" value="Hrms" />
    <property name="java.version" value="1.7.0_17" />
    <property name="user.timezone" value="" />
    <property name="sun.arch.data.model" value="32" />
    <property name="java.endorsed.dirs" value="C:\Program Files\Java\jdk1.7.0_17\jre\lib\endorsed" />
    <property name="sun.cpu.isalist" value="pentium_pro+mmx pentium_pro pentium+mmx pentium i486 i386 i86" />
    <property name="sun.jnu.encoding" value="Cp1252" />
    <property name="file.encoding.pkg" value="sun.io" />
    <property name="file.separator" value="\" />
    <property name="java.specification.name" value="Java Platform API Specification" />
    <property name="java.class.version" value="51.0" />
    <property name="user.country" value="US" />
    <property name="java.home" value="C:\Program Files\Java\jdk1.7.0_17\jre" />
    <property name="java.vm.info" value="mixed mode, sharing" />
    <property name="ant.file" value="D:\eclipse_Indigo\HRMS\build.xml" />
    <property name="os.version" value="5.1" />
    <property name="path.separator" value=";" />
    <property name="java.vm.version" value="23.7-b01" />
    <property name="user.variant" value="" />
    <property name="ant.library.dir" value="D:\software\eclipse\plugins\org.apache.ant_1.8.2.v20120109-1030\lib" />
    <property name="java.awt.printerjob" value="sun.awt.windows.WPrinterJob" />
    <property name="sun.io.unicode.encoding" value="UnicodeLittle" />
    <property name="awt.toolkit" value="sun.awt.windows.WToolkit" />
    <property name="user.script" value="" />
    <property name="eclipse.pdebuild.scripts" value="/D:/software/eclipse/plugins/org.eclipse.pde.build_3.7.0.v20111116-2009/scripts/" />
    <property name="user.home" value="C:\Documents and Settings\Karan.Gusani" />
    <property name="java.specification.vendor" value="Oracle Corporation" />
    <property name="test.dir" value="D:\eclipse_Indigo\HRMS\src" />
    <property name="java.library.path" value="C:\Program Files\Java\jdk1.7.0_17\jre\bin;C:\WINDOWS\Sun\Java\bin;C:\WINDOWS\system32;C:\WINDOWS;C:/Program Files/Java/jre7/bin/client;C:/Program Files/Java/jre7/bin;C:/Program Files/Java/jre7/lib/i386;C:\Program Files\AMD APP\bin\x86;C:\WINDOWS\system32;C:\WINDOWS;C:\WINDOWS\System32\Wbem;C:\Program Files\TortoiseGit\bin;C:\Program Files\ATI Technologies\ATI.ACE\Core-Static;C:\Ruby200\\bin;C:\apache-ant-1.9.0\bin;C:\Program Files\Java\jdk1.7.0_17\bin;%CATALINA_HOME%\bin;D:\maven\apache-maven-3.0.5\bin;D:\software\eclipse;;." />
    <property name="java.vendor.url" value="http://java.oracle.com/" />
    <property name="java.vm.vendor" value="Oracle Corporation" />
    <property name="java.runtime.name" value="Java(TM) SE Runtime Environment" />
    <property name="sun.java.command" value="org.apache.tools.ant.taskdefs.optional.junit.JUnitTestRunner HRMS filtertrace=true haltOnError=false haltOnFailure=true formatter=org.apache.tools.ant.taskdefs.optional.junit.SummaryJUnitResultFormatter showoutput=false outputtoformatters=true logfailedtests=true logtestlistenerevents=false formatter=org.apache.tools.ant.taskdefs.optional.junit.XMLJUnitResultFormatter,D:\eclipse_Indigo\HRMS\testreport\TEST-HRMS.xml crashfile=D:\eclipse_Indigo\HRMS\junitvmwatcher6649364316885860843.properties propsfile=D:\eclipse_Indigo\HRMS\junit7019444830735504282.properties" />
    <property name="java.class.path" value="D:\eclipse_Indigo\HRMS\lib\junit.jar;D:\eclipse_Indigo\HRMS\lib\hamcrest-core-1.3.jar;D:\eclipse_Indigo\HRMS\lib\selenium-server-standalone-2.31.0.jar;D:\eclipse_Indigo\HRMS\build;D:\software\eclipse\plugins\org.apache.ant_1.8.2.v20120109-1030\lib\ant-launcher.jar;D:\software\eclipse\plugins\org.apache.ant_1.8.2.v20120109-1030\lib\ant.jar;D:\software\eclipse\plugins\org.apache.ant_1.8.2.v20120109-1030\lib\ant-junit.jar;D:\software\eclipse\plugins\org.apache.ant_1.8.2.v20120109-1030\lib\ant-junit4.jar" />
    <property name="ant.version" value="Apache Ant(TM) version 1.8.2 compiled on December 20 2010" />
    <property name="java.vm.specification.name" value="Java Virtual Machine Specification" />
    <property name="java.vm.specification.version" value="1.7" />
    <property name="sun.cpu.endian" value="little" />
    <property name="sun.os.patch.level" value="Service Pack 3" />
    <property name="eclipse.pdebuild.home" value="/D:/software/eclipse/plugins/org.eclipse.pde.build_3.7.0.v20111116-2009/./" />
    <property name="java.io.tmpdir" value="C:\DOCUME~1\KARAN~1.GUS\LOCALS~1\Temp\" />
    <property name="java.vendor.url.bug" value="http://bugreport.sun.com/bugreport/" />
    <property name="os.arch" value="x86" />
    <property name="java.awt.graphicsenv" value="sun.awt.Win32GraphicsEnvironment" />
    <property name="java.ext.dirs" value="C:\Program Files\Java\jdk1.7.0_17\jre\lib\ext;C:\WINDOWS\Sun\Java\lib\ext" />
    <property name="user.dir" value="D:\eclipse_Indigo\HRMS" />
    <property name="line.separator" value="&#xd;&#xa;" />
    <property name="java.vm.name" value="Java HotSpot(TM) Client VM" />
    <property name="basedir" value="D:\eclipse_Indigo\HRMS" />
    <property name="ant.java.version" value="1.7" />
    <property name="ant.core.lib" value="D:\software\eclipse\plugins\org.apache.ant_1.8.2.v20120109-1030\lib\ant.jar" />
    <property name="file.encoding" value="Cp1252" />
    <property name="java.specification.version" value="1.7" />
    <property name="src.dir" value="D:\eclipse_Indigo\HRMS\src" />
    <property name="ant.project.invoked-targets" value="clean,makedir,compile,junit" />
  </properties>
  <testcase classname="HRMS" name="testHRMS" time="68.596" />
  <system-out><![CDATA[]]></system-out>
  <system-err><![CDATA[]]></system-err>
</testsuite>
